<?xml version="1.0" encoding="UTF-8"?>
<!-- Generated by org.testng.reporters.JUnitXMLReporter -->
<testsuite hostname="Kalyanes-MacBook-Pro.local" ignored="0" name="Validating Navigating to Create Account" tests="2" failures="0" timestamp="11 Dec 2018 17:54:18 GMT" time="3.026" errors="0">
  <testcase name="validateSearchFieldText" time="0.124" classname="Sample.createAccount"/>
  <testcase name="validateSignUpPageTitle" time="0.082" classname="Sample.createAccount"/>
</testsuite> <!-- Validating Navigating to Create Account -->
