<?xml version="1.0" encoding="UTF-8"?>
<!-- Generated by org.testng.reporters.JUnitXMLReporter -->
<testsuite hostname="Kalyanes-MacBook-Pro.local" ignored="0" name="Validating text on Login Page" tests="2" failures="0" timestamp="04 Jan 2019 22:08:19 GMT" time="5.539" errors="0">
  <testcase name="basePageNavigation" time="0.041" classname="Sample.validateText"/>
  <testcase name="validateForgotPasswordLink" time="1.817" classname="Sample.validateText"/>
</testsuite> <!-- Validating text on Login Page -->
