<?xml version="1.0" encoding="UTF-8"?>
<!-- Generated by org.testng.reporters.JUnitXMLReporter -->
<testsuite hostname="Kalyanes-MacBook-Pro.local" ignored="0" name="Validating text on Login Page" tests="2" failures="0" timestamp="11 Dec 2018 18:46:55 GMT" time="5.82" errors="0">
  <testcase name="basePageNavigation" time="0.042" classname="Sample.validateText"/>
  <testcase name="validateForgotPasswordLink" time="1.394" classname="Sample.validateText"/>
</testsuite> <!-- Validating text on Login Page -->
