<?xml version="1.0" encoding="UTF-8"?>
<!-- Generated by org.testng.reporters.JUnitXMLReporter -->
<testsuite hostname="Kalyanes-MacBook-Pro.local" ignored="0" name="Validating Add Course" tests="2" failures="0" timestamp="04 Jan 2019 22:08:56 GMT" time="9.902" errors="0">
  <testcase name="validateAddCourseButton" time="3.416" classname="Sample.validateAddCourseButton"/>
  <testcase name="validateSelectCourse" time="3.312" classname="Sample.validateAddCourseButton"/>
</testsuite> <!-- Validating Add Course -->
