<?xml version="1.0" encoding="UTF-8"?>
<!-- Generated by org.testng.reporters.JUnitXMLReporter -->
<testsuite hostname="Kalyanes-MacBook-Pro.local" ignored="0" name="Validating Navigating to Create Account" tests="2" failures="0" timestamp="03 Jan 2019 20:03:13 GMT" time="3.323" errors="0">
  <testcase name="validateSearchFieldText" time="0.115" classname="Sample.createAccount"/>
  <testcase name="validateSignUpPageTitle" time="0.067" classname="Sample.createAccount"/>
</testsuite> <!-- Validating Navigating to Create Account -->
