<?xml version="1.0" encoding="UTF-8"?>
<!-- Generated by org.testng.reporters.JUnitXMLReporter -->
<testsuite hostname="Kalyanes-MacBook-Pro.local" ignored="0" name="Default test" tests="2" failures="0" timestamp="04 Jan 2019 22:07:32 GMT" time="10.806" errors="0">
  <testcase name="validateAddCourseButton" time="3.469" classname="Sample.validateAddCourseButton"/>
  <testcase name="validateSelectCourse" time="3.344" classname="Sample.validateAddCourseButton"/>
</testsuite> <!-- Default test -->
