<?xml version="1.0" encoding="UTF-8"?>
<testsuite xmlns:xsi="http://www.w3.org/2001/XMLSchema-instance" xsi:noNamespaceSchemaLocation="https://maven.apache.org/surefire/maven-surefire-plugin/xsd/surefire-test-report.xsd" name="TestSuite" time="58.305" tests="6" errors="0" skipped="0" failures="0">
  <properties>
[...]
</properties>
  <testcase name="basePageNavigation" classname="Sample.validateText" time="0.038"/>
  <testcase name="validateForgotPasswordLink" classname="Sample.validateText" time="1.494"/>
  <testcase name="validateSearchFieldText" classname="Sample.createAccount" time="0.117"/>
  <testcase name="validateSignUpPageTitle" classname="Sample.createAccount" time="0.08"/>
  <testcase name="validateLogin" classname="Sample.LoginScreen" time="4.117"/>
  <testcase name="validateLogin" classname="Sample.LoginScreen" time="4.109"/>
</testsuite>