<?xml version="1.0" encoding="UTF-8"?>
<!-- Generated by org.testng.reporters.JUnitXMLReporter -->
<testsuite hostname="Kalyanes-MacBook-Pro.local" ignored="0" name="Validating text on Login Page" tests="2" failures="0" timestamp="10 Dec 2018 18:44:43 GMT" time="5.499" errors="0">
  <testcase name="basePageNavigation" time="0.038" classname="Sample.validateText"/>
  <testcase name="validateForgotPasswordLink" time="1.495" classname="Sample.validateText"/>
</testsuite> <!-- Validating text on Login Page -->
