<?xml version="1.0" encoding="UTF-8"?>
<!-- Generated by org.testng.reporters.JUnitXMLReporter -->
<testsuite hostname="Kalyanes-MacBook-Pro.local" ignored="0" name="Validating Navigating to Create Account" tests="2" failures="0" timestamp="10 Dec 2018 18:44:52 GMT" time="3.606" errors="0">
  <testcase name="validateSearchFieldText" time="0.117" classname="Sample.createAccount"/>
  <testcase name="validateSignUpPageTitle" time="0.08" classname="Sample.createAccount"/>
</testsuite> <!-- Validating Navigating to Create Account -->
